<?xml version="1.0" encoding="UTF-8"?>
<testsuite name="BellmanFordTest" tests="10" skipped="0" failures="0" errors="0" timestamp="2023-12-05T21:01:49" hostname="ShengyuedeMacBook-Air.local" time="0.14">
  <properties/>
  <testcase name="test_random_graph_5_4cycle()" classname="BellmanFordTest" time="0.038"/>
  <testcase name="test_small_disconnected_graph_other_source()" classname="BellmanFordTest" time="0.002"/>
  <testcase name="test_simple_cycle_1()" classname="BellmanFordTest" time="0.042"/>
  <testcase name="test_simple_cycle_2()" classname="BellmanFordTest" time="0.013"/>
  <testcase name="test_medium_graph()" classname="BellmanFordTest" time="0.004"/>
  <testcase name="test_small_graph_other_source()" classname="BellmanFordTest" time="0.003"/>
  <testcase name="test_small_disconnected_graph()" classname="BellmanFordTest" time="0.003"/>
  <testcase name="test_small_graph()" classname="BellmanFordTest" time="0.001"/>
  <testcase name="test_random_graph_10_2cycle()" classname="BellmanFordTest" time="0.008"/>
  <testcase name="test_random_graph_20()" classname="BellmanFordTest" time="0.007"/>
  <system-out><![CDATA[]]></system-out>
  <system-err><![CDATA[]]></system-err>
</testsuite>
